Image with src "/brand-logo?v=3" is using a query string which is not configured in images.localPatterns. This config will be required starting in Next.js 16.
Read more: https://nextjs.org/docs/messages/next-image-unconfigured-localpatterns
Image with src "/brand-logo?v=3" is using a query string which is not configured in images.localPatterns. This config will be required starting in Next.js 16.
Read more: https://nextjs.org/docs/messages/next-image-unconfigured-localpatterns
 ⨯ Error: Could not find the module "C:\NDT\PJ\Ai_Security-main\frontend\web\node_modules\next\dist\next-devtools\userspace\app\segment-explorer-node.js#SegmentViewNode" in the React Client Manifest. This is probably a bug in the React Server Components bundler.
    at stringify (<anonymous>) {
  digest: '772872985'
}
 ⨯ Error: Could not find the module "C:\NDT\PJ\Ai_Security-main\frontend\web\node_modules\next\dist\next-devtools\userspace\app\segment-explorer-node.js#SegmentViewNode" in the React Client Manifest. This is probably a bug in the React Server Components bundler.
    at stringify (<anonymous>)
    at stringify (<anonymous>) {
  digest: '1009416925'
}
 ⨯ Error: Could not find the module "C:\NDT\PJ\Ai_Security-main\frontend\web\node_modules\next\dist\next-devtools\userspace\app\segment-explorer-node.js#SegmentViewNode" in the React Client Manifest. This is probably a bug in the React Server Components bundler.
    at stringify (<anonymous>)
    at stringify (<anonymous>) {
  digest: '1009416925'
}
 ⨯ Error: Could not find the module "C:\NDT\PJ\Ai_Security-main\frontend\web\node_modules\next\dist\next-devtools\userspace\app\segment-explorer-node.js#SegmentViewNode" in the React Client Manifest. This is probably a bug in the React Server Components bundler.
    at stringify (<anonymous>)
    at stringify (<anonymous>) {
  digest: '1009416925'
}
 ⨯ Error: Could not find the module "C:\NDT\PJ\Ai_Security-main\frontend\web\node_modules\next\dist\next-devtools\userspace\app\segment-explorer-node.js#SegmentViewNode" in the React Client Manifest. This is probably a bug in the React Server Components bundler.
    at stringify (<anonymous>) {
  digest: '772872985'
}
 ⨯ Error: Could not find the module "C:\NDT\PJ\Ai_Security-main\frontend\web\node_modules\next\dist\next-devtools\userspace\app\segment-explorer-node.js#SegmentViewNode" in the React Client Manifest. This is probably a bug in the React Server Components bundler.
    at stringify (<anonymous>) {
  digest: '772872985'
}
 ⨯ [TypeError: __webpack_modules__[moduleId] is not a function] {
  digest: '3218569936'
}
 ⨯ Error: Could not find the module "C:\NDT\PJ\Ai_Security-main\frontend\web\node_modules\next\dist\next-devtools\userspace\app\segment-explorer-node.js#SegmentViewNode" in the React Client Manifest. This is probably a bug in the React Server Components bundler.
    at stringify (<anonymous>) {
  digest: '772872985'
}
[TypeError: __webpack_modules__[moduleId] is not a function]
 ⨯ [TypeError: __webpack_modules__[moduleId] is not a function]
 ⨯ [TypeError: __webpack_modules__[moduleId] is not a function] {
  page: '/methodology'
}
Image with src "/brand-logo?v=3" is using a query string which is not configured in images.localPatterns. This config will be required starting in Next.js 16.
Read more: https://nextjs.org/docs/messages/next-image-unconfigured-localpatterns
