$ python -c import subprocess;old='\n'.join(['export interface ExeSandboxResult {','    ok: boolean;','    execution_status: \x22completed\x22 | \x22failed\x22;','    filename: string;','    sha256: string;','    size_bytes: number;','    sandbox: string;','    network: string;','    verdict: \x22dangerous\x22 | \x22suspicious\x22 | \x22no_obvious_theft_detected\x22 | \x22unknown\x22;','    risk_score: number;','    issues: string[];','    processes: Record<string, unknown>[];','    files_created: Record<string, unknown>[];','    network_attempts: Record<string, unknown>[];','    signature_status?: string;','    signer?: string;','    defender_detections?: Record<string, unknown>[];','    elapsed_ms: number;','}'])+'\n';new='\n'.join(['export interface ExeQuickScanSection {','    name: string;','    virtual_size: number;','    raw_size: number;','    entropy: number;','    readable: boolean;','    writable: boolean;','    executable: boolean;','}','','export interface ExeLocalAnalysis {','    valid: boolean;','    format: string;','    architecture: string;','    subsystem: string;','    entry_point_rva: number;','    section_count: number;','    sections: ExeQuickScanSection[];','    signature_present: boolean;','    overlay_bytes: number;','    compile_time: string | null;','    characteristics: number;','    anomalies: string[];','    risk_score: number;','}','','export interface ExeProviderDetection {','    engine: string;','    threat: string;','}','','export interface ExeProviderResult {','    name: string;','    configured: boolean;','    status: \x22disabled\x22 | \x22not_found\x22 | \x22known\x22 | \x22queued\x22 | \x22completed\x22 | \x22failed\x22;','    data_id: string | null;','    progress: number;','    detected_engines: number;','    total_engines: number;','    detections: ExeProviderDetection[];','    risk_score: number;','    sample_shared: boolean;','    error: string | null;','}','','export interface ExeSandboxResult {','    ok: boolean;','    execution_status: \x22completed\x22 | \x22queued\x22 | \x22failed\x22;','    analysis_mode?: \x22quick_scan\x22 | \x22windows_sandbox\x22;','    dynamic_execution?: boolean;','    filename: string;','    sha256: string;','    size_bytes: number;','    sandbox: string;','    network: string;','    verdict: \x22dangerous\x22 | \x22suspicious\x22 | \x22no_obvious_theft_detected\x22 | \x22unknown\x22;','    risk_score: number;','    issues: string[];','    processes: Record<string, unknown>[];','    files_created: Record<string, unknown>[];','    network_attempts: Record<string, unknown>[];','    signature_status?: string;','    signer?: string | null;','    defender_detections?: Record<string, unknown>[];','    local_analysis?: ExeLocalAnalysis;','    provider?: ExeProviderResult;','    provider_available?: boolean;','    upload_consent_required?: boolean;','    privacy_notice?: string;','    elapsed_ms: number;','}'])+'\n';subprocess.run(['mtui','--json','edit','frontend/web/lib/types.ts','replace',old,new],check=True)
mode: fallback
exit_code: 1
duration_ms: 378
---- stdout ----

---- stderr ----
{
  "ok": false,
  "schema_version": 1,
  "mtui_version": "0.1.0",
  "warnings": [],
  "command": "mtui",
  "operation": null,
  "error_type": "NO_MATCH",
  "message": "Text not found in frontend/web/lib/types.ts",
  "suggestion": "Use mtui search \"frontend/web/lib/types.ts\" \"keyword\" --json"
}
Traceback (most recent call last):
  File "<string>", line 1, in <module>
  File "C:\Users\MyPC\AppData\Local\Programs\Python\Python311\Lib\subprocess.py", line 571, in run
    raise CalledProcessError(retcode, process.args,
subprocess.CalledProcessError: Command '['mtui', '--json', 'edit', 'frontend/web/lib/types.ts', 'replace', 'export interface ExeSandboxResult {\n    ok: boolean;\n    execution_status: "completed" | "failed";\n    filename: string;\n    sha256: string;\n    size_bytes: number;\n    sandbox: string;\n    network: string;\n    verdict: "dangerous" | "suspicious" | "no_obvious_theft_detected" | "unknown";\n    risk_score: number;\n    issues: string[];\n    processes: Record<string, unknown>[];\n    files_created: Record<string, unknown>[];\n    network_attempts: Record<string, unknown>[];\n    signature_status?: string;\n    signer?: string;\n    defender_detections?: Record<string, unknown>[];\n    elapsed_ms: number;\n}\n', 'export interface ExeQuickScanSection {\n    name: string;\n    virtual_size: number;\n    raw_size: number;\n    entropy: number;\n    readable: boolean;\n    writable: boolean;\n    executable: boolean;\n}\n\nexport interface ExeLocalAnalysis {\n    valid: boolean;\n    format: string;\n    architecture: string;\n    subsystem: string;\n    entry_point_rva: number;\n    section_count: number;\n    sections: ExeQuickScanSection[];\n    signature_present: boolean;\n    overlay_bytes: number;\n    compile_time: string | null;\n    characteristics: number;\n    anomalies: string[];\n    risk_score: number;\n}\n\nexport interface ExeProviderDetection {\n    engine: string;\n    threat: string;\n}\n\nexport interface ExeProviderResult {\n    name: string;\n    configured: boolean;\n    status: "disabled" | "not_found" | "known" | "queued" | "completed" | "failed";\n    data_id: string | null;\n    progress: number;\n    detected_engines: number;\n    total_engines: number;\n    detections: ExeProviderDetection[];\n    risk_score: number;\n    sample_shared: boolean;\n    error: string | null;\n}\n\nexport interface ExeSandboxResult {\n    ok: boolean;\n    execution_status: "completed" | "queued" | "failed";\n    analysis_mode?: "quick_scan" | "windows_sandbox";\n    dynamic_execution?: boolean;\n    filename: string;\n    sha256: string;\n    size_bytes: number;\n    sandbox: string;\n    network: string;\n    verdict: "dangerous" | "suspicious" | "no_obvious_theft_detected" | "unknown";\n    risk_score: number;\n    issues: string[];\n    processes: Record<string, unknown>[];\n    files_created: Record<string, unknown>[];\n    network_attempts: Record<string, unknown>[];\n    signature_status?: string;\n    signer?: string | null;\n    defender_detections?: Record<string, unknown>[];\n    local_analysis?: ExeLocalAnalysis;\n    provider?: ExeProviderResult;\n    provider_available?: boolean;\n    upload_consent_required?: boolean;\n    privacy_notice?: string;\n    elapsed_ms: number;\n}\n']' returned non-zero exit status 1.
